2023-09-01 23:20:59.298 [ INFO] --- o.h.validator.internal.util.Version      : HV000001: Hibernate Validator 6.2.3.Final
2023-09-01 23:20:59.305 [ INFO] --- spring.boot.oath2.ExecCraw               : Starting ExecCraw using Java 17.0.7 on LizuanMaster with PID 23972 (D:\ProgramSpace\spring-boot-oath2\bin\main started by Lizuan in D:\ProgramSpace\spring-boot-oath2)
2023-09-01 23:20:59.305 [ INFO] --- spring.boot.oath2.ExecCraw               : No active profile set, falling back to 1 default profile: "default"
2023-09-01 23:20:59.359 [ INFO] --- o.s.b.devtools.restart.ChangeableUrls    : The Class-Path manifest attribute in C:\Users\Lizuan\.gradle\caches\modules-2\files-2.1\org.glassfish.hk2\hk2\2.6.1\3b971d09e8b3d0a34c7b96cddb920164f99430d4\hk2-2.6.1.jar referenced one or more files that do not exist: file:/C:/Users/Lizuan/.gradle/caches/modules-2/files-2.1/org.glassfish.hk2/hk2/2.6.1/3b971d09e8b3d0a34c7b96cddb920164f99430d4/hk2-utils.jar,file:/C:/Users/Lizuan/.gradle/caches/modules-2/files-2.1/org.glassfish.hk2/hk2/2.6.1/3b971d09e8b3d0a34c7b96cddb920164f99430d4/jakarta.annotation-api.jar,file:/C:/Users/Lizuan/.gradle/caches/modules-2/files-2.1/org.glassfish.hk2/hk2/2.6.1/3b971d09e8b3d0a34c7b96cddb920164f99430d4/jakarta.inject.jar,file:/C:/Users/Lizuan/.gradle/caches/modules-2/files-2.1/org.glassfish.hk2/hk2/2.6.1/3b971d09e8b3d0a34c7b96cddb920164f99430d4/hk2-api.jar,file:/C:/Users/Lizuan/.gradle/caches/modules-2/files-2.1/org.glassfish.hk2/hk2/2.6.1/3b971d09e8b3d0a34c7b96cddb920164f99430d4/aopalliance-repackaged.jar,file:/C:/Users/Lizuan/.gradle/caches/modules-2/files-2.1/org.glassfish.hk2/hk2/2.6.1/3b971d09e8b3d0a34c7b96cddb920164f99430d4/hk2-core.jar,file:/C:/Users/Lizuan/.gradle/caches/modules-2/files-2.1/org.glassfish.hk2/hk2/2.6.1/3b971d09e8b3d0a34c7b96cddb920164f99430d4/hk2-locator.jar,file:/C:/Users/Lizuan/.gradle/caches/modules-2/files-2.1/org.glassfish.hk2/hk2/2.6.1/3b971d09e8b3d0a34c7b96cddb920164f99430d4/javassist.jar,file:/C:/Users/Lizuan/.gradle/caches/modules-2/files-2.1/org.glassfish.hk2/hk2/2.6.1/3b971d09e8b3d0a34c7b96cddb920164f99430d4/hk2-runlevel.jar,file:/C:/Users/Lizuan/.gradle/caches/modules-2/files-2.1/org.glassfish.hk2/hk2/2.6.1/3b971d09e8b3d0a34c7b96cddb920164f99430d4/class-model.jar,file:/C:/Users/Lizuan/.gradle/caches/modules-2/files-2.1/org.glassfish.hk2/hk2/2.6.1/3b971d09e8b3d0a34c7b96cddb920164f99430d4/asm.jar,file:/C:/Users/Lizuan/.gradle/caches/modules-2/files-2.1/org.glassfish.hk2/hk2/2.6.1/3b971d09e8b3d0a34c7b96cddb920164f99430d4/asm-analysis.jar,file:/C:/Users/Lizuan/.gradle/caches/modules-2/files-2.1/org.glassfish.hk2/hk2/2.6.1/3b971d09e8b3d0a34c7b96cddb920164f99430d4/asm-commons.jar,file:/C:/Users/Lizuan/.gradle/caches/modules-2/files-2.1/org.glassfish.hk2/hk2/2.6.1/3b971d09e8b3d0a34c7b96cddb920164f99430d4/asm-tree.jar,file:/C:/Users/Lizuan/.gradle/caches/modules-2/files-2.1/org.glassfish.hk2/hk2/2.6.1/3b971d09e8b3d0a34c7b96cddb920164f99430d4/asm-util.jar
2023-09-01 23:20:59.360 [ INFO] --- o.s.b.devtools.restart.ChangeableUrls    : The Class-Path manifest attribute in C:\Users\Lizuan\.gradle\caches\modules-2\files-2.1\org.liquibase\liquibase-core\4.5.0\ecc5a74c46305594ae2dd00e8103c8367d89b042\liquibase-core-4.5.0.jar referenced one or more files that do not exist: file:/C:/Users/Lizuan/.gradle/caches/modules-2/files-2.1/org.liquibase/liquibase-core/4.5.0/ecc5a74c46305594ae2dd00e8103c8367d89b042/snakeyaml-1.27.jar
2023-09-01 23:20:59.360 [ INFO] --- .e.DevToolsPropertyDefaultsPostProcessor : Devtools property defaults active! Set 'spring.devtools.add-properties' to 'false' to disable
2023-09-01 23:20:59.360 [ INFO] --- .e.DevToolsPropertyDefaultsPostProcessor : For additional web related logging consider setting the 'logging.level.web' property to 'DEBUG'
2023-09-01 23:21:00.354 [ INFO] --- .s.d.r.c.RepositoryConfigurationDelegate : Multiple Spring Data modules found, entering strict repository configuration mode
2023-09-01 23:21:00.356 [ INFO] --- .s.d.r.c.RepositoryConfigurationDelegate : Bootstrapping Spring Data JPA repositories in DEFAULT mode.
2023-09-01 23:21:00.434 [ INFO] --- .s.d.r.c.RepositoryConfigurationDelegate : Finished Spring Data repository scanning in 68 ms. Found 3 JPA repository interfaces.
2023-09-01 23:21:01.589 [ INFO] --- o.s.b.w.embedded.tomcat.TomcatWebServer  : Tomcat initialized with port(s): 8080 (http)
2023-09-01 23:21:01.600 [ INFO] --- o.a.coyote.http11.Http11NioProtocol      : Initializing ProtocolHandler ["http-nio-8080"]
2023-09-01 23:21:01.601 [ INFO] --- o.apache.catalina.core.StandardService   : Starting service [Tomcat]
2023-09-01 23:21:01.602 [ INFO] --- org.apache.catalina.core.StandardEngine  : Starting Servlet engine: [Apache Tomcat/9.0.64]
2023-09-01 23:21:01.829 [ INFO] --- o.a.c.c.C.[Tomcat].[localhost].[/]       : Initializing Spring embedded WebApplicationContext
2023-09-01 23:21:01.830 [ INFO] --- w.s.c.ServletWebServerApplicationContext : Root WebApplicationContext: initialization completed in 2468 ms
2023-09-01 23:21:02.154 [ERROR] --- o.s.b.web.embedded.tomcat.TomcatStarter  : Error starting Tomcat context. Exception: org.springframework.beans.factory.UnsatisfiedDependencyException. Message: Error creating bean with name 'javaWebSecurityConfiguration' defined in file [D:\ProgramSpace\spring-boot-oath2\bin\main\spring\boot\oath2\websecurity\JavaWebSecurityConfiguration.class]: Unsatisfied dependency expressed through constructor parameter 0; nested exception is org.springframework.beans.factory.UnsatisfiedDependencyException: Error creating bean with name 'selfUserDetailServiceImpl' defined in file [D:\ProgramSpace\spring-boot-oath2\bin\main\spring\boot\oath2\websecurity\service\impl\SelfUserDetailServiceImpl.class]: Unsatisfied dependency expressed through constructor parameter 0; nested exception is org.springframework.beans.factory.UnsatisfiedDependencyException: Error creating bean with name 'userRepositoryImpl' defined in file [D:\ProgramSpace\spring-boot-oath2\bin\main\spring\boot\oath2\websecurity\repository\impl\UserRepositoryImpl.class]: Unsatisfied dependency expressed through constructor parameter 1; nested exception is org.springframework.beans.factory.BeanCreationException: Error creating bean with name 'org.springframework.orm.jpa.SharedEntityManagerCreator#0': Cannot resolve reference to bean 'entityManagerFactory' while setting constructor argument; nested exception is org.springframework.beans.factory.BeanCreationException: Error creating bean with name 'liquibase' defined in class path resource [org/springframework/boot/autoconfigure/liquibase/LiquibaseAutoConfiguration$LiquibaseConfiguration.class]: Bean instantiation via factory method failed; nested exception is org.springframework.beans.BeanInstantiationException: Failed to instantiate [liquibase.integration.spring.SpringLiquibase]: Factory method 'liquibase' threw exception; nested exception is org.springframework.beans.factory.BeanCreationException: Error creating bean with name 'dataSource' defined in class path resource [org/springframework/boot/autoconfigure/jdbc/DataSourceConfiguration$Hikari.class]: Bean instantiation via factory method failed; nested exception is org.springframework.beans.BeanInstantiationException: Failed to instantiate [com.zaxxer.hikari.HikariDataSource]: Factory method 'dataSource' threw exception; nested exception is org.springframework.boot.autoconfigure.jdbc.DataSourceProperties$DataSourceBeanCreationException: Failed to determine a suitable driver class
2023-09-01 23:21:02.184 [ INFO] --- o.apache.catalina.core.StandardService   : Stopping service [Tomcat]
2023-09-01 23:21:02.225 [ WARN] --- ConfigServletWebServerApplicationContext : Exception encountered during context initialization - cancelling refresh attempt: org.springframework.context.ApplicationContextException: Unable to start web server; nested exception is org.springframework.boot.web.server.WebServerException: Unable to start embedded Tomcat
2023-09-01 23:21:02.239 [ INFO] --- ConditionEvaluationReportLoggingListener : 

Error starting ApplicationContext. To display the conditions report re-run your application with 'debug' enabled.
2023-09-01 23:21:02.258 [ERROR] --- o.s.b.d.LoggingFailureAnalysisReporter   : 

***************************
APPLICATION FAILED TO START
***************************

Description:

Failed to configure a DataSource: 'url' attribute is not specified and no embedded datasource could be configured.

Reason: Failed to determine a suitable driver class


Action:

Consider the following:
	If you want an embedded database (H2, HSQL or Derby), please put it on the classpath.
	If you have database settings to be loaded from a particular profile you may need to activate it (no profiles are currently active).

2023-09-01 23:23:34.480 [ INFO] --- o.h.validator.internal.util.Version      : HV000001: Hibernate Validator 6.2.3.Final
2023-09-01 23:23:34.484 [ INFO] --- spring.boot.oath2.ExecCraw               : Starting ExecCraw using Java 17.0.7 on LizuanMaster with PID 4264 (D:\ProgramSpace\spring-boot-oath2\bin\main started by Lizuan in D:\ProgramSpace\spring-boot-oath2)
2023-09-01 23:23:34.485 [ INFO] --- spring.boot.oath2.ExecCraw               : No active profile set, falling back to 1 default profile: "default"
2023-09-01 23:23:34.544 [ INFO] --- o.s.b.devtools.restart.ChangeableUrls    : The Class-Path manifest attribute in C:\Users\Lizuan\.gradle\caches\modules-2\files-2.1\org.glassfish.hk2\hk2\2.6.1\3b971d09e8b3d0a34c7b96cddb920164f99430d4\hk2-2.6.1.jar referenced one or more files that do not exist: file:/C:/Users/Lizuan/.gradle/caches/modules-2/files-2.1/org.glassfish.hk2/hk2/2.6.1/3b971d09e8b3d0a34c7b96cddb920164f99430d4/hk2-utils.jar,file:/C:/Users/Lizuan/.gradle/caches/modules-2/files-2.1/org.glassfish.hk2/hk2/2.6.1/3b971d09e8b3d0a34c7b96cddb920164f99430d4/jakarta.annotation-api.jar,file:/C:/Users/Lizuan/.gradle/caches/modules-2/files-2.1/org.glassfish.hk2/hk2/2.6.1/3b971d09e8b3d0a34c7b96cddb920164f99430d4/jakarta.inject.jar,file:/C:/Users/Lizuan/.gradle/caches/modules-2/files-2.1/org.glassfish.hk2/hk2/2.6.1/3b971d09e8b3d0a34c7b96cddb920164f99430d4/hk2-api.jar,file:/C:/Users/Lizuan/.gradle/caches/modules-2/files-2.1/org.glassfish.hk2/hk2/2.6.1/3b971d09e8b3d0a34c7b96cddb920164f99430d4/aopalliance-repackaged.jar,file:/C:/Users/Lizuan/.gradle/caches/modules-2/files-2.1/org.glassfish.hk2/hk2/2.6.1/3b971d09e8b3d0a34c7b96cddb920164f99430d4/hk2-core.jar,file:/C:/Users/Lizuan/.gradle/caches/modules-2/files-2.1/org.glassfish.hk2/hk2/2.6.1/3b971d09e8b3d0a34c7b96cddb920164f99430d4/hk2-locator.jar,file:/C:/Users/Lizuan/.gradle/caches/modules-2/files-2.1/org.glassfish.hk2/hk2/2.6.1/3b971d09e8b3d0a34c7b96cddb920164f99430d4/javassist.jar,file:/C:/Users/Lizuan/.gradle/caches/modules-2/files-2.1/org.glassfish.hk2/hk2/2.6.1/3b971d09e8b3d0a34c7b96cddb920164f99430d4/hk2-runlevel.jar,file:/C:/Users/Lizuan/.gradle/caches/modules-2/files-2.1/org.glassfish.hk2/hk2/2.6.1/3b971d09e8b3d0a34c7b96cddb920164f99430d4/class-model.jar,file:/C:/Users/Lizuan/.gradle/caches/modules-2/files-2.1/org.glassfish.hk2/hk2/2.6.1/3b971d09e8b3d0a34c7b96cddb920164f99430d4/asm.jar,file:/C:/Users/Lizuan/.gradle/caches/modules-2/files-2.1/org.glassfish.hk2/hk2/2.6.1/3b971d09e8b3d0a34c7b96cddb920164f99430d4/asm-analysis.jar,file:/C:/Users/Lizuan/.gradle/caches/modules-2/files-2.1/org.glassfish.hk2/hk2/2.6.1/3b971d09e8b3d0a34c7b96cddb920164f99430d4/asm-commons.jar,file:/C:/Users/Lizuan/.gradle/caches/modules-2/files-2.1/org.glassfish.hk2/hk2/2.6.1/3b971d09e8b3d0a34c7b96cddb920164f99430d4/asm-tree.jar,file:/C:/Users/Lizuan/.gradle/caches/modules-2/files-2.1/org.glassfish.hk2/hk2/2.6.1/3b971d09e8b3d0a34c7b96cddb920164f99430d4/asm-util.jar
2023-09-01 23:23:34.544 [ INFO] --- o.s.b.devtools.restart.ChangeableUrls    : The Class-Path manifest attribute in C:\Users\Lizuan\.gradle\caches\modules-2\files-2.1\org.liquibase\liquibase-core\4.5.0\ecc5a74c46305594ae2dd00e8103c8367d89b042\liquibase-core-4.5.0.jar referenced one or more files that do not exist: file:/C:/Users/Lizuan/.gradle/caches/modules-2/files-2.1/org.liquibase/liquibase-core/4.5.0/ecc5a74c46305594ae2dd00e8103c8367d89b042/snakeyaml-1.27.jar
2023-09-01 23:23:34.544 [ INFO] --- .e.DevToolsPropertyDefaultsPostProcessor : Devtools property defaults active! Set 'spring.devtools.add-properties' to 'false' to disable
2023-09-01 23:23:34.544 [ INFO] --- .e.DevToolsPropertyDefaultsPostProcessor : For additional web related logging consider setting the 'logging.level.web' property to 'DEBUG'
2023-09-01 23:23:35.518 [ INFO] --- .s.d.r.c.RepositoryConfigurationDelegate : Multiple Spring Data modules found, entering strict repository configuration mode
2023-09-01 23:23:35.519 [ INFO] --- .s.d.r.c.RepositoryConfigurationDelegate : Bootstrapping Spring Data JPA repositories in DEFAULT mode.
2023-09-01 23:23:35.617 [ INFO] --- .s.d.r.c.RepositoryConfigurationDelegate : Finished Spring Data repository scanning in 85 ms. Found 3 JPA repository interfaces.
2023-09-01 23:23:36.758 [ INFO] --- o.s.b.w.embedded.tomcat.TomcatWebServer  : Tomcat initialized with port(s): 8080 (http)
2023-09-01 23:23:36.771 [ INFO] --- o.a.coyote.http11.Http11NioProtocol      : Initializing ProtocolHandler ["http-nio-8080"]
2023-09-01 23:23:36.771 [ INFO] --- o.apache.catalina.core.StandardService   : Starting service [Tomcat]
2023-09-01 23:23:36.771 [ INFO] --- org.apache.catalina.core.StandardEngine  : Starting Servlet engine: [Apache Tomcat/9.0.64]
2023-09-01 23:23:36.995 [ INFO] --- o.a.c.c.C.[Tomcat].[localhost].[/]       : Initializing Spring embedded WebApplicationContext
2023-09-01 23:23:36.995 [ INFO] --- w.s.c.ServletWebServerApplicationContext : Root WebApplicationContext: initialization completed in 2450 ms
2023-09-01 23:23:37.317 [ERROR] --- o.s.b.web.embedded.tomcat.TomcatStarter  : Error starting Tomcat context. Exception: org.springframework.beans.factory.UnsatisfiedDependencyException. Message: Error creating bean with name 'javaWebSecurityConfiguration' defined in file [D:\ProgramSpace\spring-boot-oath2\bin\main\spring\boot\oath2\websecurity\JavaWebSecurityConfiguration.class]: Unsatisfied dependency expressed through constructor parameter 0; nested exception is org.springframework.beans.factory.UnsatisfiedDependencyException: Error creating bean with name 'selfUserDetailServiceImpl' defined in file [D:\ProgramSpace\spring-boot-oath2\bin\main\spring\boot\oath2\websecurity\service\impl\SelfUserDetailServiceImpl.class]: Unsatisfied dependency expressed through constructor parameter 0; nested exception is org.springframework.beans.factory.UnsatisfiedDependencyException: Error creating bean with name 'userRepositoryImpl' defined in file [D:\ProgramSpace\spring-boot-oath2\bin\main\spring\boot\oath2\websecurity\repository\impl\UserRepositoryImpl.class]: Unsatisfied dependency expressed through constructor parameter 1; nested exception is org.springframework.beans.factory.BeanCreationException: Error creating bean with name 'org.springframework.orm.jpa.SharedEntityManagerCreator#0': Cannot resolve reference to bean 'entityManagerFactory' while setting constructor argument; nested exception is org.springframework.beans.factory.BeanCreationException: Error creating bean with name 'liquibase' defined in class path resource [org/springframework/boot/autoconfigure/liquibase/LiquibaseAutoConfiguration$LiquibaseConfiguration.class]: Bean instantiation via factory method failed; nested exception is org.springframework.beans.BeanInstantiationException: Failed to instantiate [liquibase.integration.spring.SpringLiquibase]: Factory method 'liquibase' threw exception; nested exception is org.springframework.beans.factory.BeanCreationException: Error creating bean with name 'dataSource' defined in class path resource [org/springframework/boot/autoconfigure/jdbc/DataSourceConfiguration$Hikari.class]: Bean instantiation via factory method failed; nested exception is org.springframework.beans.BeanInstantiationException: Failed to instantiate [com.zaxxer.hikari.HikariDataSource]: Factory method 'dataSource' threw exception; nested exception is org.springframework.boot.autoconfigure.jdbc.DataSourceProperties$DataSourceBeanCreationException: Failed to determine a suitable driver class
2023-09-01 23:23:37.350 [ INFO] --- o.apache.catalina.core.StandardService   : Stopping service [Tomcat]
2023-09-01 23:23:37.391 [ WARN] --- ConfigServletWebServerApplicationContext : Exception encountered during context initialization - cancelling refresh attempt: org.springframework.context.ApplicationContextException: Unable to start web server; nested exception is org.springframework.boot.web.server.WebServerException: Unable to start embedded Tomcat
2023-09-01 23:23:37.403 [ INFO] --- ConditionEvaluationReportLoggingListener : 

Error starting ApplicationContext. To display the conditions report re-run your application with 'debug' enabled.
2023-09-01 23:23:37.428 [ERROR] --- o.s.b.d.LoggingFailureAnalysisReporter   : 

***************************
APPLICATION FAILED TO START
***************************

Description:

Failed to configure a DataSource: 'url' attribute is not specified and no embedded datasource could be configured.

Reason: Failed to determine a suitable driver class


Action:

Consider the following:
	If you want an embedded database (H2, HSQL or Derby), please put it on the classpath.
	If you have database settings to be loaded from a particular profile you may need to activate it (no profiles are currently active).

2023-09-01 23:24:55.655 [ INFO] --- o.h.validator.internal.util.Version      : HV000001: Hibernate Validator 6.2.3.Final
2023-09-01 23:24:55.660 [ INFO] --- spring.boot.oath2.ExecCraw               : Starting ExecCraw using Java 17.0.7 on LizuanMaster with PID 4216 (D:\ProgramSpace\spring-boot-oath2\bin\main started by Lizuan in D:\ProgramSpace\spring-boot-oath2)
2023-09-01 23:24:55.661 [ INFO] --- spring.boot.oath2.ExecCraw               : The following 1 profile is active: "dev"
2023-09-01 23:24:55.706 [ INFO] --- o.s.b.devtools.restart.ChangeableUrls    : The Class-Path manifest attribute in C:\Users\Lizuan\.gradle\caches\modules-2\files-2.1\org.glassfish.hk2\hk2\2.6.1\3b971d09e8b3d0a34c7b96cddb920164f99430d4\hk2-2.6.1.jar referenced one or more files that do not exist: file:/C:/Users/Lizuan/.gradle/caches/modules-2/files-2.1/org.glassfish.hk2/hk2/2.6.1/3b971d09e8b3d0a34c7b96cddb920164f99430d4/hk2-utils.jar,file:/C:/Users/Lizuan/.gradle/caches/modules-2/files-2.1/org.glassfish.hk2/hk2/2.6.1/3b971d09e8b3d0a34c7b96cddb920164f99430d4/jakarta.annotation-api.jar,file:/C:/Users/Lizuan/.gradle/caches/modules-2/files-2.1/org.glassfish.hk2/hk2/2.6.1/3b971d09e8b3d0a34c7b96cddb920164f99430d4/jakarta.inject.jar,file:/C:/Users/Lizuan/.gradle/caches/modules-2/files-2.1/org.glassfish.hk2/hk2/2.6.1/3b971d09e8b3d0a34c7b96cddb920164f99430d4/hk2-api.jar,file:/C:/Users/Lizuan/.gradle/caches/modules-2/files-2.1/org.glassfish.hk2/hk2/2.6.1/3b971d09e8b3d0a34c7b96cddb920164f99430d4/aopalliance-repackaged.jar,file:/C:/Users/Lizuan/.gradle/caches/modules-2/files-2.1/org.glassfish.hk2/hk2/2.6.1/3b971d09e8b3d0a34c7b96cddb920164f99430d4/hk2-core.jar,file:/C:/Users/Lizuan/.gradle/caches/modules-2/files-2.1/org.glassfish.hk2/hk2/2.6.1/3b971d09e8b3d0a34c7b96cddb920164f99430d4/hk2-locator.jar,file:/C:/Users/Lizuan/.gradle/caches/modules-2/files-2.1/org.glassfish.hk2/hk2/2.6.1/3b971d09e8b3d0a34c7b96cddb920164f99430d4/javassist.jar,file:/C:/Users/Lizuan/.gradle/caches/modules-2/files-2.1/org.glassfish.hk2/hk2/2.6.1/3b971d09e8b3d0a34c7b96cddb920164f99430d4/hk2-runlevel.jar,file:/C:/Users/Lizuan/.gradle/caches/modules-2/files-2.1/org.glassfish.hk2/hk2/2.6.1/3b971d09e8b3d0a34c7b96cddb920164f99430d4/class-model.jar,file:/C:/Users/Lizuan/.gradle/caches/modules-2/files-2.1/org.glassfish.hk2/hk2/2.6.1/3b971d09e8b3d0a34c7b96cddb920164f99430d4/asm.jar,file:/C:/Users/Lizuan/.gradle/caches/modules-2/files-2.1/org.glassfish.hk2/hk2/2.6.1/3b971d09e8b3d0a34c7b96cddb920164f99430d4/asm-analysis.jar,file:/C:/Users/Lizuan/.gradle/caches/modules-2/files-2.1/org.glassfish.hk2/hk2/2.6.1/3b971d09e8b3d0a34c7b96cddb920164f99430d4/asm-commons.jar,file:/C:/Users/Lizuan/.gradle/caches/modules-2/files-2.1/org.glassfish.hk2/hk2/2.6.1/3b971d09e8b3d0a34c7b96cddb920164f99430d4/asm-tree.jar,file:/C:/Users/Lizuan/.gradle/caches/modules-2/files-2.1/org.glassfish.hk2/hk2/2.6.1/3b971d09e8b3d0a34c7b96cddb920164f99430d4/asm-util.jar
2023-09-01 23:24:55.707 [ INFO] --- o.s.b.devtools.restart.ChangeableUrls    : The Class-Path manifest attribute in C:\Users\Lizuan\.gradle\caches\modules-2\files-2.1\org.liquibase\liquibase-core\4.5.0\ecc5a74c46305594ae2dd00e8103c8367d89b042\liquibase-core-4.5.0.jar referenced one or more files that do not exist: file:/C:/Users/Lizuan/.gradle/caches/modules-2/files-2.1/org.liquibase/liquibase-core/4.5.0/ecc5a74c46305594ae2dd00e8103c8367d89b042/snakeyaml-1.27.jar
2023-09-01 23:24:55.707 [ INFO] --- .e.DevToolsPropertyDefaultsPostProcessor : Devtools property defaults active! Set 'spring.devtools.add-properties' to 'false' to disable
2023-09-01 23:24:55.707 [ INFO] --- .e.DevToolsPropertyDefaultsPostProcessor : For additional web related logging consider setting the 'logging.level.web' property to 'DEBUG'
2023-09-01 23:24:56.622 [ INFO] --- .s.d.r.c.RepositoryConfigurationDelegate : Multiple Spring Data modules found, entering strict repository configuration mode
2023-09-01 23:24:56.624 [ INFO] --- .s.d.r.c.RepositoryConfigurationDelegate : Bootstrapping Spring Data JPA repositories in DEFAULT mode.
2023-09-01 23:24:56.722 [ INFO] --- .s.d.r.c.RepositoryConfigurationDelegate : Finished Spring Data repository scanning in 85 ms. Found 3 JPA repository interfaces.
2023-09-01 23:24:57.907 [ INFO] --- o.s.b.w.embedded.tomcat.TomcatWebServer  : Tomcat initialized with port(s): 9999 (http)
2023-09-01 23:24:57.919 [ INFO] --- o.a.coyote.http11.Http11NioProtocol      : Initializing ProtocolHandler ["http-nio-9999"]
2023-09-01 23:24:57.919 [ INFO] --- o.apache.catalina.core.StandardService   : Starting service [Tomcat]
2023-09-01 23:24:57.920 [ INFO] --- org.apache.catalina.core.StandardEngine  : Starting Servlet engine: [Apache Tomcat/9.0.64]
2023-09-01 23:24:58.139 [ INFO] --- o.a.c.c.C.[Tomcat].[localhost].[/]       : Initializing Spring embedded WebApplicationContext
2023-09-01 23:24:58.139 [ INFO] --- w.s.c.ServletWebServerApplicationContext : Root WebApplicationContext: initialization completed in 2432 ms
2023-09-01 23:24:58.546 [ INFO] --- com.zaxxer.hikari.HikariDataSource       : HikariPool-1 - Starting...
2023-09-01 23:24:58.858 [ INFO] --- com.zaxxer.hikari.HikariDataSource       : HikariPool-1 - Start completed.
2023-09-01 23:24:58.935 [ INFO] --- o.hibernate.jpa.internal.util.LogHelper  : HHH000204: Processing PersistenceUnitInfo [name: default]
2023-09-01 23:24:59.027 [ INFO] --- org.hibernate.Version                    : HHH000412: Hibernate ORM core version 5.6.9.Final
2023-09-01 23:24:59.214 [ INFO] --- o.hibernate.annotations.common.Version   : HCANN000001: Hibernate Commons Annotations {5.1.2.Final}
2023-09-01 23:24:59.360 [ INFO] --- org.hibernate.dialect.Dialect            : HHH000400: Using dialect: org.hibernate.dialect.SQLServer2012Dialect
2023-09-01 23:24:59.735 [ WARN] --- org.hibernate.mapping.RootClass          : HHH000038: Composite-id class does not override equals(): spring.boot.oath2.scrabdatas.entity.pk.StockEntityPk
2023-09-01 23:24:59.735 [ WARN] --- org.hibernate.mapping.RootClass          : HHH000039: Composite-id class does not override hashCode(): spring.boot.oath2.scrabdatas.entity.pk.StockEntityPk
2023-09-01 23:25:00.042 [ INFO] --- o.h.e.t.j.p.i.JtaPlatformInitiator       : HHH000490: Using JtaPlatform implementation: [org.hibernate.engine.transaction.jta.platform.internal.NoJtaPlatform]
2023-09-01 23:25:00.048 [ INFO] --- j.LocalContainerEntityManagerFactoryBean : Initialized JPA EntityManagerFactory for persistence unit 'default'
2023-09-01 23:25:00.294 [ WARN] --- o.s.s.o.p.t.s.JwtAccessTokenConverter    : Unable to create an RSA verifier from verifierKey (ignoreable if using MAC)
2023-09-01 23:25:00.416 [ WARN] --- JpaBaseConfiguration$JpaWebConfiguration : spring.jpa.open-in-view is enabled by default. Therefore, database queries may be performed during view rendering. Explicitly configure spring.jpa.open-in-view to disable this warning
2023-09-01 23:25:01.122 [DEBUG] --- swordEncoderAuthenticationManagerBuilder : No authenticationProviders and no parentAuthenticationManager defined. Returning null.
2023-09-01 23:25:01.322 [DEBUG] --- s.s.c.a.w.c.WebSecurityConfigurerAdapter : Using default configure(HttpSecurity). If subclassed this will potentially override subclass configure(HttpSecurity).
2023-09-01 23:25:01.380 [DEBUG] --- edFilterInvocationSecurityMetadataSource : Adding web access control expression [authenticated] for any request
2023-09-01 23:25:01.389 [ INFO] --- o.s.s.web.DefaultSecurityFilterChain     : Will secure any request with [org.springframework.security.web.context.request.async.WebAsyncManagerIntegrationFilter@3592572d, org.springframework.security.web.context.SecurityContextPersistenceFilter@2426c6c8, org.springframework.security.web.header.HeaderWriterFilter@5c3f2193, org.springframework.security.web.authentication.logout.LogoutFilter@7fdcbd1, org.springframework.security.oauth2.provider.authentication.OAuth2AuthenticationProcessingFilter@31a4caf, org.springframework.security.web.savedrequest.RequestCacheAwareFilter@19da8694, org.springframework.security.web.servletapi.SecurityContextHolderAwareRequestFilter@2f5d34a, org.springframework.security.web.authentication.AnonymousAuthenticationFilter@44f54394, org.springframework.security.web.session.SessionManagementFilter@16255bbb, org.springframework.security.web.access.ExceptionTranslationFilter@538bb9c, org.springframework.security.web.access.intercept.FilterSecurityInterceptor@6db672a2]
2023-09-01 23:25:01.410 [DEBUG] --- edFilterInvocationSecurityMetadataSource : Adding web access control expression [authenticated] for any request
2023-09-01 23:25:01.425 [ INFO] --- o.s.s.web.DefaultSecurityFilterChain     : Will secure any request with [org.springframework.security.web.context.request.async.WebAsyncManagerIntegrationFilter@4d94db5b, org.springframework.security.web.context.SecurityContextPersistenceFilter@756696f6, org.springframework.security.web.header.HeaderWriterFilter@56d5798c, org.springframework.security.web.csrf.CsrfFilter@3b047316, org.springframework.security.web.authentication.logout.LogoutFilter@159aa36, org.springframework.security.web.authentication.UsernamePasswordAuthenticationFilter@71adb45, org.springframework.security.web.authentication.ui.DefaultLoginPageGeneratingFilter@46cdc805, org.springframework.security.web.authentication.ui.DefaultLogoutPageGeneratingFilter@71fa0df, org.springframework.security.web.authentication.www.BasicAuthenticationFilter@3e74791, org.springframework.security.web.savedrequest.RequestCacheAwareFilter@320c82fe, org.springframework.security.web.servletapi.SecurityContextHolderAwareRequestFilter@4fe8942a, org.springframework.security.web.authentication.AnonymousAuthenticationFilter@3efdb462, org.springframework.security.web.session.SessionManagementFilter@24a5a12b, org.springframework.security.web.access.ExceptionTranslationFilter@4ed13f83, org.springframework.security.web.access.intercept.FilterSecurityInterceptor@3393f1ad]
2023-09-01 23:25:03.211 [ INFO] --- o.s.b.d.a.OptionalLiveReloadServer       : LiveReload server is running on port 35729
2023-09-01 23:25:03.218 [ INFO] --- o.s.b.a.e.web.EndpointLinksResolver      : Exposing 1 endpoint(s) beneath base path '/actuator'
2023-09-01 23:25:03.259 [ INFO] --- o.a.coyote.http11.Http11NioProtocol      : Starting ProtocolHandler ["http-nio-9999"]
2023-09-01 23:25:03.297 [ INFO] --- o.s.b.w.embedded.tomcat.TomcatWebServer  : Tomcat started on port(s): 9999 (http) with context path ''
2023-09-01 23:25:03.310 [ INFO] --- spring.boot.oath2.ExecCraw               : Started ExecCraw in 8.073 seconds (JVM running for 9.036)
